<?xml version="1.0" encoding="UTF-8"?>
<testng-results skipped="0" failed="0" ignored="0" total="1" passed="1">
  <reporter-output>
  </reporter-output>
  <suite name="Default suite" duration-ms="8947" started-at="2021-02-04T20:28:34 CET" finished-at="2021-02-04T20:28:43 CET">
    <groups>
    </groups>
    <test name="Default test" duration-ms="8947" started-at="2021-02-04T20:28:34 CET" finished-at="2021-02-04T20:28:43 CET">
      <class name="tests.Demotest">
        <test-method status="PASS" signature="demotest()[pri:0, instance:tests.Demotest@6c49835d]" name="demotest" duration-ms="8807" started-at="2021-02-04T20:28:35 CET" finished-at="2021-02-04T20:28:43 CET">
          <reporter-output>
          </reporter-output>
        </test-method> <!-- demotest -->
      </class> <!-- tests.Demotest -->
    </test> <!-- Default test -->
  </suite> <!-- Default suite -->
</testng-results>
